<?xml version="1.0" encoding="UTF-8"?>
<!-- Generated by org.testng.reporters.JUnitReportReporter -->
<testsuite hostname="WIN-ULJM1V86J9P" failures="0" tests="1" name="com.testautomation.runners.TestRunner" time="5.784" errors="0" timestamp="7 Jun 2022 11:29:36 GMT">
  <testcase classname="com.testautomation.runners.TestRunner" name="runScenario" time="5.784"/>
</testsuite> <!-- com.testautomation.runners.TestRunner -->
